  activemove_acquisition.cpp
d:\ihealthexfornewproject\ihealthex\boundarydetection.h : warning C4819: 该文件包含不能在当前代码页(936)中表示的字符。请将该文件保存为 Unicode 格式以防止数据丢失
  fatigue_test.cpp
d:\ihealthexfornewproject\ihealthex\boundarydetection.h : warning C4819: 该文件包含不能在当前代码页(936)中表示的字符。请将该文件保存为 Unicode 格式以防止数据丢失
d:\ihealthexfornewproject\ihealthex\fatigue_test.cpp(400): warning C4018: “<”: 有符号/无符号不匹配
d:\ihealthexfornewproject\ihealthex\fatigue_test.cpp(409): warning C4018: “<”: 有符号/无符号不匹配
d:\ihealthexfornewproject\ihealthex\fatigue_test.cpp(418): warning C4018: “<”: 有符号/无符号不匹配
d:\ihealthexfornewproject\ihealthex\fatigue_test.cpp(427): warning C4018: “<”: 有符号/无符号不匹配
d:\ihealthexfornewproject\ihealthex\fatigue_test.cpp(436): warning C4018: “<”: 有符号/无符号不匹配
  ihealthEx.cpp
d:\ihealthexfornewproject\duilib\core\uimanager.h(55): warning C4091: “typedef ”: 没有声明变量时忽略“DuiLib::EVENTTYPE_UI”的左侧
d:\ihealthexfornewproject\duilib\core\uimanager.h(67): warning C4091: “typedef ”: 没有声明变量时忽略“DuiLib::MSGTYPE_UI”的左侧
d:\ihealthexfornewproject\ihealthex\boundarydetection.h : warning C4819: 该文件包含不能在当前代码页(936)中表示的字符。请将该文件保存为 Unicode 格式以防止数据丢失
  main_wnd.cpp
d:\ihealthexfornewproject\duilib\core\uimanager.h(55): warning C4091: “typedef ”: 没有声明变量时忽略“DuiLib::EVENTTYPE_UI”的左侧
d:\ihealthexfornewproject\duilib\core\uimanager.h(67): warning C4091: “typedef ”: 没有声明变量时忽略“DuiLib::MSGTYPE_UI”的左侧
d:\ihealthexfornewproject\ihealthex\boundarydetection.h : warning C4819: 该文件包含不能在当前代码页(936)中表示的字符。请将该文件保存为 Unicode 格式以防止数据丢失
  正在生成代码...
d:\ihealthexfornewproject\ihealthex\fatigue_test.cpp(281): warning C4715: “SixdimThread”: 不是所有的控件路径都返回值
d:\ihealthexfornewproject\ihealthex\fatigue_test.cpp(271): warning C4715: “PressureThread”: 不是所有的控件路径都返回值
d:\ihealthexfornewproject\ihealthex\fatigue_test.cpp(293): warning C4715: “TorqueThread”: 不是所有的控件路径都返回值
d:\ihealthexfornewproject\ihealthex\fatigue_test.cpp(307): warning C4715: “FatigueTestThread”: 不是所有的控件路径都返回值
  ihealthEx.vcxproj -> D:\ihealthexFORnewproject\Debug\ihealthEx.exe
