d:\ihealthexfornewproject\ihealthex\debug\vc140.pdb
d:\ihealthexfornewproject\ihealthex\debug\vc140.idb
d:\ihealthexfornewproject\ihealthex\debug\daqsys.obj
d:\ihealthexfornewproject\ihealthex\debug\ftwrapper.obj
d:\ihealthexfornewproject\ihealthex\debug\control_card.obj
d:\ihealthexfornewproject\ihealthex\debug\data_acquisition.obj
d:\ihealthexfornewproject\ihealthex\debug\fatigue_test.obj
d:\ihealthexfornewproject\ihealthex\debug\file_writer.obj
d:\ihealthexfornewproject\ihealthex\debug\main_wnd.obj
d:\ihealthexfornewproject\ihealthex\debug\ihealthex.obj
d:\ihealthexfornewproject\ihealthex\debug\passive_mode.obj
d:\ihealthexfornewproject\ihealthex\debug\dom.obj
d:\ihealthexfornewproject\ihealthex\debug\expatls.obj
d:\ihealthexfornewproject\ihealthex\debug\ftconfig.obj
d:\ihealthexfornewproject\ihealthex\debug\ftrt.obj
d:\ihealthexfornewproject\ihealthex\debug\node.obj
d:\ihealthexfornewproject\ihealthex\debug\stack.obj
d:\ihealthexfornewproject\ihealthex\debug\xmlparse.obj
d:\ihealthexfornewproject\ihealthex\debug\xmlrole.obj
d:\ihealthexfornewproject\ihealthex\debug\xmltok.obj
d:\ihealthexfornewproject\debug\ihealthex.ilk
d:\ihealthexfornewproject\debug\ihealthex.exe
d:\ihealthexfornewproject\debug\ihealthex.pdb
d:\ihealthexfornewproject\ihealthex\debug\data_acquisition.obj.enc
d:\ihealthexfornewproject\ihealthex\debug\ihealthex.tlog\cl.command.1.tlog
d:\ihealthexfornewproject\ihealthex\debug\ihealthex.tlog\cl.read.1.tlog
d:\ihealthexfornewproject\ihealthex\debug\ihealthex.tlog\cl.write.1.tlog
d:\ihealthexfornewproject\ihealthex\debug\ihealthex.tlog\link.command.1.tlog
d:\ihealthexfornewproject\ihealthex\debug\ihealthex.tlog\link.read.1.tlog
d:\ihealthexfornewproject\ihealthex\debug\ihealthex.tlog\link.write.1.tlog
